
> Task :app:dependencies

------------------------------------------------------------
Project ':app'
------------------------------------------------------------

debugCompileClasspath - Compile classpath for '/debug'.
+--- androidx.databinding:viewbinding:8.13.1
|    \--- androidx.annotation:annotation:1.0.0 -> 1.9.1
|         \--- androidx.annotation:annotation-jvm:1.9.1
|              \--- org.jetbrains.kotlin:kotlin-stdlib:1.9.24 -> 2.2.21
|                   \--- org.jetbrains:annotations:13.0 -> 23.0.0
+--- org.jetbrains.kotlin:kotlin-stdlib:2.2.0 -> 2.2.21 (*)
+--- androidx.core:core-ktx:1.10.1 -> 1.13.1
|    +--- androidx.annotation:annotation:1.1.0 -> 1.9.1 (*)
|    +--- androidx.core:core:1.13.1
|    |    +--- androidx.annotation:annotation:1.6.0 -> 1.9.1 (*)
|    |    +--- androidx.annotation:annotation-experimental:1.4.0
|    |    |    \--- org.jetbrains.kotlin:kotlin-stdlib:1.7.10 -> 2.2.21 (*)
|    |    +--- androidx.lifecycle:lifecycle-runtime:2.6.2 -> 2.10.0
|    |    |    \--- androidx.lifecycle:lifecycle-runtime-android:2.10.0
|    |    |         +--- androidx.annotation:annotation:1.9.1 (*)
|    |    |         +--- androidx.arch.core:core-common:2.2.0
|    |    |         |    \--- androidx.annotation:annotation:1.1.0 -> 1.9.1 (*)
|    |    |         +--- androidx.lifecycle:lifecycle-common:2.10.0
|    |    |         |    \--- androidx.lifecycle:lifecycle-common-jvm:2.10.0
|    |    |         |         +--- androidx.annotation:annotation:1.9.1 (*)
|    |    |         |         +--- org.jetbrains.kotlin:kotlin-stdlib:2.0.21 -> 2.2.21 (*)
|    |    |         |         +--- org.jetbrains.kotlinx:kotlinx-coroutines-core:1.9.0 -> 1.10.2
|    |    |         |         |    \--- org.jetbrains.kotlinx:kotlinx-coroutines-core-jvm:1.10.2
|    |    |         |         |         +--- org.jetbrains:annotations:23.0.0
|    |    |         |         |         +--- org.jetbrains.kotlinx:kotlinx-coroutines-bom:1.10.2
|    |    |         |         |         |    +--- org.jetbrains.kotlinx:kotlinx-coroutines-android:1.10.2 (c)
|    |    |         |         |         |    +--- org.jetbrains.kotlinx:kotlinx-coroutines-core-jvm:1.10.2 (c)
|    |    |         |         |         |    +--- org.jetbrains.kotlinx:kotlinx-coroutines-core:1.10.2 (c)
|    |    |         |         |         |    \--- org.jetbrains.kotlinx:kotlinx-coroutines-guava:1.10.2 (c)
|    |    |         |         |         \--- org.jetbrains.kotlin:kotlin-stdlib:2.1.0 -> 2.2.21 (*)
|    |    |         |         +--- org.jspecify:jspecify:1.0.0
|    |    |         |         +--- androidx.lifecycle:lifecycle-livedata:2.10.0 (c)
|    |    |         |         +--- androidx.lifecycle:lifecycle-livedata-core:2.10.0 (c)
|    |    |         |         +--- androidx.lifecycle:lifecycle-livedata-core-ktx:2.10.0 (c)
|    |    |         |         +--- androidx.lifecycle:lifecycle-runtime:2.10.0 (c)
|    |    |         |         +--- androidx.lifecycle:lifecycle-runtime-ktx:2.10.0 (c)
|    |    |         |         +--- androidx.lifecycle:lifecycle-viewmodel:2.10.0 (c)
|    |    |         |         +--- androidx.lifecycle:lifecycle-viewmodel-ktx:2.10.0 (c)
|    |    |         |         \--- androidx.lifecycle:lifecycle-viewmodel-savedstate:2.10.0 (c)
|    |    |         +--- org.jetbrains.kotlin:kotlin-stdlib:2.0.21 -> 2.2.21 (*)
|    |    |         +--- org.jetbrains.kotlinx:kotlinx-coroutines-android:1.9.0 -> 1.10.2
|    |    |         |    +--- org.jetbrains.kotlinx:kotlinx-coroutines-core:1.10.2 (*)
|    |    |         |    +--- org.jetbrains.kotlinx:kotlinx-coroutines-bom:1.10.2 (*)
|    |    |         |    \--- org.jetbrains.kotlin:kotlin-stdlib:2.1.0 -> 2.2.21 (*)
|    |    |         +--- org.jspecify:jspecify:1.0.0
|    |    |         +--- androidx.lifecycle:lifecycle-common:2.10.0 (c)
|    |    |         +--- androidx.lifecycle:lifecycle-livedata:2.10.0 (c)
|    |    |         +--- androidx.lifecycle:lifecycle-livedata-core:2.10.0 (c)
|    |    |         +--- androidx.lifecycle:lifecycle-runtime-ktx:2.10.0 (c)
|    |    |         +--- androidx.lifecycle:lifecycle-viewmodel:2.10.0 (c)
|    |    |         +--- androidx.lifecycle:lifecycle-viewmodel-ktx:2.10.0 (c)
|    |    |         +--- androidx.lifecycle:lifecycle-viewmodel-savedstate:2.10.0 (c)
|    |    |         \--- androidx.lifecycle:lifecycle-livedata-core-ktx:2.10.0 (c)
|    |    +--- androidx.versionedparcelable:versionedparcelable:1.1.1
|    |    |    +--- androidx.annotation:annotation:1.1.0 -> 1.9.1 (*)
|    |    |    \--- androidx.collection:collection:1.0.0 -> 1.1.0
|    |    |         \--- androidx.annotation:annotation:1.1.0 -> 1.9.1 (*)
|    |    \--- org.jetbrains.kotlin:kotlin-stdlib:1.8.22 -> 2.2.21 (*)
|    \--- org.jetbrains.kotlin:kotlin-stdlib:1.8.22 -> 2.2.21 (*)
+--- androidx.appcompat:appcompat:1.6.1
|    +--- androidx.activity:activity:1.6.0 -> 1.8.0
|    |    +--- androidx.annotation:annotation:1.1.0 -> 1.9.1 (*)
|    |    +--- androidx.core:core:1.8.0 -> 1.13.1 (*)
|    |    +--- androidx.lifecycle:lifecycle-runtime:2.6.1 -> 2.10.0 (*)
|    |    +--- androidx.lifecycle:lifecycle-viewmodel:2.6.1 -> 2.10.0
|    |    |    \--- androidx.lifecycle:lifecycle-viewmodel-android:2.10.0
|    |    |         +--- androidx.annotation:annotation:1.9.1 (*)
|    |    |         +--- org.jetbrains.kotlin:kotlin-stdlib:2.0.21 -> 2.2.21 (*)
|    |    |         +--- org.jetbrains.kotlinx:kotlinx-coroutines-android:1.9.0 -> 1.10.2 (*)
|    |    |         +--- org.jetbrains.kotlinx:kotlinx-coroutines-core:1.9.0 -> 1.10.2 (*)
|    |    |         +--- androidx.lifecycle:lifecycle-common:2.10.0 (c)
|    |    |         +--- androidx.lifecycle:lifecycle-livedata:2.10.0 (c)
|    |    |         +--- androidx.lifecycle:lifecycle-livedata-core:2.10.0 (c)
|    |    |         +--- androidx.lifecycle:lifecycle-runtime:2.10.0 (c)
|    |    |         +--- androidx.lifecycle:lifecycle-runtime-ktx:2.10.0 (c)
|    |    |         +--- androidx.lifecycle:lifecycle-viewmodel-ktx:2.10.0 (c)
|    |    |         +--- androidx.lifecycle:lifecycle-viewmodel-savedstate:2.10.0 (c)
|    |    |         \--- androidx.lifecycle:lifecycle-livedata-core-ktx:2.10.0 (c)
|    |    +--- androidx.lifecycle:lifecycle-viewmodel-savedstate:2.6.1 -> 2.10.0
|    |    |    \--- androidx.lifecycle:lifecycle-viewmodel-savedstate-android:2.10.0
|    |    |         +--- androidx.annotation:annotation:1.9.1 (*)
|    |    |         +--- androidx.core:core-ktx:1.2.0 -> 1.13.1 (*)
|    |    |         +--- androidx.lifecycle:lifecycle-livedata-core:2.10.0
|    |    |         |    +--- androidx.lifecycle:lifecycle-common:2.10.0 (*)
|    |    |         |    +--- org.jetbrains.kotlin:kotlin-stdlib:2.0.21 -> 2.2.21 (*)
|    |    |         |    +--- org.jspecify:jspecify:1.0.0
|    |    |         |    +--- androidx.lifecycle:lifecycle-common:2.10.0 (c)
|    |    |         |    +--- androidx.lifecycle:lifecycle-livedata:2.10.0 (c)
|    |    |         |    +--- androidx.lifecycle:lifecycle-runtime:2.10.0 (c)
|    |    |         |    +--- androidx.lifecycle:lifecycle-runtime-ktx:2.10.0 (c)
|    |    |         |    +--- androidx.lifecycle:lifecycle-viewmodel:2.10.0 (c)
|    |    |         |    +--- androidx.lifecycle:lifecycle-viewmodel-ktx:2.10.0 (c)
|    |    |         |    +--- androidx.lifecycle:lifecycle-viewmodel-savedstate:2.10.0 (c)
|    |    |         |    \--- androidx.lifecycle:lifecycle-livedata-core-ktx:2.10.0 (c)
|    |    |         +--- androidx.lifecycle:lifecycle-viewmodel:2.10.0 (*)
|    |    |         +--- androidx.savedstate:savedstate:1.4.0
|    |    |         |    \--- androidx.savedstate:savedstate-android:1.4.0
|    |    |         |         +--- androidx.annotation:annotation:1.8.1 -> 1.9.1 (*)
|    |    |         |         +--- androidx.annotation:annotation:1.9.1 (*)
|    |    |         |         +--- org.jetbrains.kotlin:kotlin-stdlib -> 2.2.21 (*)
|    |    |         |         +--- org.jetbrains.kotlinx:kotlinx-coroutines-core:1.9.0 -> 1.10.2 (*)
|    |    |         |         +--- org.jetbrains.kotlinx:kotlinx-serialization-core:1.7.3
|    |    |         |         |    \--- org.jetbrains.kotlinx:kotlinx-serialization-core-jvm:1.7.3
|    |    |         |         |         +--- org.jetbrains.kotlinx:kotlinx-serialization-bom:1.7.3
|    |    |         |         |         |    +--- org.jetbrains.kotlinx:kotlinx-serialization-core-jvm:1.7.3 (c)
|    |    |         |         |         |    \--- org.jetbrains.kotlinx:kotlinx-serialization-core:1.7.3 (c)
|    |    |         |         |         \--- org.jetbrains.kotlin:kotlin-stdlib:2.0.20 -> 2.2.21 (*)
|    |    |         |         +--- androidx.savedstate:savedstate-ktx:1.4.0 (c)
|    |    |         |         \--- org.jetbrains.kotlin:kotlin-stdlib:2.0.21 -> 2.2.21 (c)
|    |    |         +--- org.jetbrains.kotlin:kotlin-stdlib:2.0.21 -> 2.2.21 (*)
|    |    |         +--- org.jetbrains.kotlinx:kotlinx-coroutines-android:1.9.0 -> 1.10.2 (*)
|    |    |         +--- org.jetbrains.kotlinx:kotlinx-coroutines-core:1.9.0 -> 1.10.2 (*)
|    |    |         +--- org.jetbrains.kotlinx:kotlinx-serialization-core:1.7.3 (*)
|    |    |         +--- androidx.lifecycle:lifecycle-common:2.10.0 (c)
|    |    |         +--- androidx.lifecycle:lifecycle-livedata:2.10.0 (c)
|    |    |         +--- androidx.lifecycle:lifecycle-livedata-core:2.10.0 (c)
|    |    |         +--- androidx.lifecycle:lifecycle-runtime:2.10.0 (c)
|    |    |         +--- androidx.lifecycle:lifecycle-runtime-ktx:2.10.0 (c)
|    |    |         +--- androidx.lifecycle:lifecycle-viewmodel:2.10.0 (c)
|    |    |         +--- androidx.lifecycle:lifecycle-viewmodel-ktx:2.10.0 (c)
|    |    |         \--- androidx.lifecycle:lifecycle-livedata-core-ktx:2.10.0 (c)
|    |    +--- androidx.savedstate:savedstate:1.2.1 -> 1.4.0 (*)
|    |    +--- org.jetbrains.kotlin:kotlin-stdlib:1.8.22 -> 2.2.21 (*)
|    |    \--- androidx.activity:activity-ktx:1.8.0 (c)
|    +--- androidx.annotation:annotation:1.3.0 -> 1.9.1 (*)
|    +--- androidx.appcompat:appcompat-resources:1.6.1
|    |    +--- androidx.annotation:annotation:1.2.0 -> 1.9.1 (*)
|    |    +--- androidx.core:core:1.6.0 -> 1.13.1 (*)
|    |    +--- androidx.vectordrawable:vectordrawable:1.1.0
|    |    |    +--- androidx.annotation:annotation:1.1.0 -> 1.9.1 (*)
|    |    |    +--- androidx.core:core:1.1.0 -> 1.13.1 (*)
|    |    |    \--- androidx.collection:collection:1.1.0 (*)
|    |    \--- androidx.vectordrawable:vectordrawable-animated:1.1.0
|    |         +--- androidx.vectordrawable:vectordrawable:1.1.0 (*)
|    |         +--- androidx.interpolator:interpolator:1.0.0
|    |         |    \--- androidx.annotation:annotation:1.0.0 -> 1.9.1 (*)
|    |         \--- androidx.collection:collection:1.1.0 (*)
|    +--- androidx.core:core:1.9.0 -> 1.13.1 (*)
|    +--- androidx.cursoradapter:cursoradapter:1.0.0
|    |    \--- androidx.annotation:annotation:1.0.0 -> 1.9.1 (*)
|    +--- androidx.drawerlayout:drawerlayout:1.0.0 -> 1.1.1
|    |    +--- androidx.annotation:annotation:1.1.0 -> 1.9.1 (*)
|    |    +--- androidx.core:core:1.2.0 -> 1.13.1 (*)
|    |    \--- androidx.customview:customview:1.1.0
|    |         +--- androidx.annotation:annotation:1.1.0 -> 1.9.1 (*)
|    |         \--- androidx.core:core:1.3.0 -> 1.13.1 (*)
|    +--- androidx.fragment:fragment:1.3.6
|    |    +--- androidx.annotation:annotation:1.1.0 -> 1.9.1 (*)
|    |    +--- androidx.core:core:1.2.0 -> 1.13.1 (*)
|    |    +--- androidx.collection:collection:1.1.0 (*)
|    |    +--- androidx.viewpager:viewpager:1.0.0
|    |    |    +--- androidx.annotation:annotation:1.0.0 -> 1.9.1 (*)
|    |    |    +--- androidx.core:core:1.0.0 -> 1.13.1 (*)
|    |    |    \--- androidx.customview:customview:1.0.0 -> 1.1.0 (*)
|    |    +--- androidx.loader:loader:1.0.0
|    |    |    +--- androidx.annotation:annotation:1.0.0 -> 1.9.1 (*)
|    |    |    +--- androidx.core:core:1.0.0 -> 1.13.1 (*)
|    |    |    +--- androidx.lifecycle:lifecycle-livedata:2.0.0 -> 2.10.0
|    |    |    |    +--- androidx.arch.core:core-runtime:2.2.0
|    |    |    |    |    +--- androidx.annotation:annotation:1.1.0 -> 1.9.1 (*)
|    |    |    |    |    \--- androidx.arch.core:core-common:2.2.0 (*)
|    |    |    |    +--- androidx.lifecycle:lifecycle-livedata-core:2.10.0 (*)
|    |    |    |    +--- androidx.lifecycle:lifecycle-livedata-core-ktx:2.10.0
|    |    |    |    |    +--- androidx.lifecycle:lifecycle-livedata-core:2.10.0 (*)
|    |    |    |    |    +--- org.jetbrains.kotlin:kotlin-stdlib:2.0.21 -> 2.2.21 (*)
|    |    |    |    |    +--- androidx.lifecycle:lifecycle-common:2.10.0 (c)
|    |    |    |    |    +--- androidx.lifecycle:lifecycle-livedata:2.10.0 (c)
|    |    |    |    |    +--- androidx.lifecycle:lifecycle-livedata-core:2.10.0 (c)
|    |    |    |    |    +--- androidx.lifecycle:lifecycle-runtime:2.10.0 (c)
|    |    |    |    |    +--- androidx.lifecycle:lifecycle-runtime-ktx:2.10.0 (c)
|    |    |    |    |    +--- androidx.lifecycle:lifecycle-viewmodel:2.10.0 (c)
|    |    |    |    |    +--- androidx.lifecycle:lifecycle-viewmodel-ktx:2.10.0 (c)
|    |    |    |    |    \--- androidx.lifecycle:lifecycle-viewmodel-savedstate:2.10.0 (c)
|    |    |    |    +--- org.jetbrains.kotlin:kotlin-stdlib:2.0.21 -> 2.2.21 (*)
|    |    |    |    +--- org.jetbrains.kotlinx:kotlinx-coroutines-core:1.9.0 -> 1.10.2 (*)
|    |    |    |    +--- org.jspecify:jspecify:1.0.0
|    |    |    |    +--- androidx.lifecycle:lifecycle-common:2.10.0 (c)
|    |    |    |    +--- androidx.lifecycle:lifecycle-livedata-core:2.10.0 (c)
|    |    |    |    +--- androidx.lifecycle:lifecycle-livedata-core-ktx:2.10.0 (c)
|    |    |    |    +--- androidx.lifecycle:lifecycle-runtime:2.10.0 (c)
|    |    |    |    +--- androidx.lifecycle:lifecycle-runtime-ktx:2.10.0 (c)
|    |    |    |    +--- androidx.lifecycle:lifecycle-viewmodel:2.10.0 (c)
|    |    |    |    +--- androidx.lifecycle:lifecycle-viewmodel-ktx:2.10.0 (c)
|    |    |    |    \--- androidx.lifecycle:lifecycle-viewmodel-savedstate:2.10.0 (c)
|    |    |    \--- androidx.lifecycle:lifecycle-viewmodel:2.0.0 -> 2.10.0 (*)
|    |    +--- androidx.activity:activity:1.2.4 -> 1.8.0 (*)
|    |    +--- androidx.lifecycle:lifecycle-livedata-core:2.3.1 -> 2.10.0 (*)
|    |    +--- androidx.lifecycle:lifecycle-viewmodel:2.3.1 -> 2.10.0 (*)
|    |    +--- androidx.lifecycle:lifecycle-viewmodel-savedstate:2.3.1 -> 2.10.0 (*)
|    |    +--- androidx.savedstate:savedstate:1.1.0 -> 1.4.0 (*)
|    |    \--- androidx.annotation:annotation-experimental:1.0.0 -> 1.4.0 (*)
|    \--- androidx.savedstate:savedstate:1.2.0 -> 1.4.0 (*)
+--- com.google.android.material:material:1.10.0
|    +--- androidx.activity:activity:1.8.0 (*)
|    +--- androidx.annotation:annotation:1.2.0 -> 1.9.1 (*)
|    +--- androidx.appcompat:appcompat:1.6.1 (*)
|    +--- androidx.cardview:cardview:1.0.0
|    |    \--- androidx.annotation:annotation:1.0.0 -> 1.9.1 (*)
|    +--- androidx.coordinatorlayout:coordinatorlayout:1.1.0
|    |    +--- androidx.annotation:annotation:1.1.0 -> 1.9.1 (*)
|    |    +--- androidx.core:core:1.1.0 -> 1.13.1 (*)
|    |    +--- androidx.customview:customview:1.0.0 -> 1.1.0 (*)
|    |    \--- androidx.collection:collection:1.0.0 -> 1.1.0 (*)
|    +--- androidx.constraintlayout:constraintlayout:2.0.1
|    |    +--- androidx.appcompat:appcompat:1.2.0 -> 1.6.1 (*)
|    |    +--- androidx.core:core:1.3.1 -> 1.13.1 (*)
|    |    \--- androidx.constraintlayout:constraintlayout-solver:2.0.1
|    +--- androidx.core:core:1.6.0 -> 1.13.1 (*)
|    +--- androidx.drawerlayout:drawerlayout:1.1.1 (*)
|    +--- androidx.dynamicanimation:dynamicanimation:1.0.0
|    |    +--- androidx.core:core:1.0.0 -> 1.13.1 (*)
|    |    +--- androidx.collection:collection:1.0.0 -> 1.1.0 (*)
|    |    \--- androidx.legacy:legacy-support-core-utils:1.0.0
|    |         +--- androidx.annotation:annotation:1.0.0 -> 1.9.1 (*)
|    |         +--- androidx.core:core:1.0.0 -> 1.13.1 (*)
|    |         +--- androidx.documentfile:documentfile:1.0.0
|    |         |    \--- androidx.annotation:annotation:1.0.0 -> 1.9.1 (*)
|    |         +--- androidx.loader:loader:1.0.0 (*)
|    |         +--- androidx.localbroadcastmanager:localbroadcastmanager:1.0.0
|    |         |    \--- androidx.annotation:annotation:1.0.0 -> 1.9.1 (*)
|    |         \--- androidx.print:print:1.0.0
|    |              \--- androidx.annotation:annotation:1.0.0 -> 1.9.1 (*)
|    +--- androidx.annotation:annotation-experimental:1.0.0 -> 1.4.0 (*)
|    +--- androidx.fragment:fragment:1.2.5 -> 1.3.6 (*)
|    +--- androidx.lifecycle:lifecycle-runtime:2.0.0 -> 2.10.0 (*)
|    +--- androidx.recyclerview:recyclerview:1.0.0 -> 1.3.2
|    |    +--- androidx.annotation:annotation:1.1.0 -> 1.9.1 (*)
|    |    +--- androidx.core:core:1.7.0 -> 1.13.1 (*)
|    |    \--- androidx.customview:customview:1.0.0 -> 1.1.0 (*)
|    +--- androidx.resourceinspection:resourceinspection-annotation:1.0.1
|    +--- androidx.transition:transition:1.2.0
|    |    +--- androidx.annotation:annotation:1.1.0 -> 1.9.1 (*)
|    |    +--- androidx.core:core:1.0.1 -> 1.13.1 (*)
|    |    \--- androidx.collection:collection:1.0.0 -> 1.1.0 (*)
|    +--- androidx.vectordrawable:vectordrawable:1.1.0 (*)
|    \--- androidx.viewpager2:viewpager2:1.0.0 -> 1.1.0-beta02
|         +--- androidx.annotation:annotation:1.1.0 -> 1.9.1 (*)
|         +--- androidx.annotation:annotation-experimental:1.3.0 -> 1.4.0 (*)
|         +--- androidx.fragment:fragment:1.1.0 -> 1.3.6 (*)
|         \--- androidx.recyclerview:recyclerview:1.3.1-rc01 -> 1.3.2 (*)
+--- androidx.activity:activity-ktx:1.8.0
|    +--- androidx.activity:activity:1.8.0 (*)
|    +--- androidx.core:core-ktx:1.9.0 -> 1.13.1 (*)
|    +--- androidx.lifecycle:lifecycle-runtime-ktx:2.6.1 -> 2.10.0
|    |    \--- androidx.lifecycle:lifecycle-runtime-ktx-android:2.10.0
|    |         +--- androidx.annotation:annotation:1.9.1 (*)
|    |         +--- androidx.lifecycle:lifecycle-runtime:2.10.0 (*)
|    |         +--- org.jetbrains.kotlin:kotlin-stdlib:2.0.21 -> 2.2.21 (*)
|    |         +--- org.jetbrains.kotlinx:kotlinx-coroutines-android:1.9.0 -> 1.10.2 (*)
|    |         +--- androidx.lifecycle:lifecycle-livedata-core:2.10.0 (c)
|    |         +--- androidx.lifecycle:lifecycle-runtime:2.10.0 (c)
|    |         +--- androidx.lifecycle:lifecycle-viewmodel:2.10.0 (c)
|    |         +--- androidx.lifecycle:lifecycle-viewmodel-ktx:2.10.0 (c)
|    |         +--- androidx.lifecycle:lifecycle-viewmodel-savedstate:2.10.0 (c)
|    |         +--- androidx.lifecycle:lifecycle-livedata:2.10.0 (c)
|    |         +--- androidx.lifecycle:lifecycle-common:2.10.0 (c)
|    |         \--- androidx.lifecycle:lifecycle-livedata-core-ktx:2.10.0 (c)
|    +--- androidx.lifecycle:lifecycle-viewmodel-ktx:2.6.1 -> 2.10.0
|    |    +--- androidx.lifecycle:lifecycle-viewmodel:2.10.0 (*)
|    |    +--- org.jetbrains.kotlin:kotlin-stdlib:2.0.21 -> 2.2.21 (*)
|    |    +--- org.jetbrains.kotlinx:kotlinx-coroutines-android:1.9.0 -> 1.10.2 (*)
|    |    +--- androidx.lifecycle:lifecycle-livedata-core:2.10.0 (c)
|    |    +--- androidx.lifecycle:lifecycle-runtime:2.10.0 (c)
|    |    +--- androidx.lifecycle:lifecycle-runtime-ktx:2.10.0 (c)
|    |    +--- androidx.lifecycle:lifecycle-viewmodel:2.10.0 (c)
|    |    +--- androidx.lifecycle:lifecycle-viewmodel-savedstate:2.10.0 (c)
|    |    +--- androidx.lifecycle:lifecycle-livedata:2.10.0 (c)
|    |    +--- androidx.lifecycle:lifecycle-common:2.10.0 (c)
|    |    \--- androidx.lifecycle:lifecycle-livedata-core-ktx:2.10.0 (c)
|    +--- androidx.savedstate:savedstate-ktx:1.2.1 -> 1.4.0
|    |    +--- androidx.savedstate:savedstate:1.4.0 (*)
|    |    +--- org.jetbrains.kotlin:kotlin-stdlib -> 2.2.21 (*)
|    |    +--- androidx.savedstate:savedstate:1.4.0 (c)
|    |    \--- org.jetbrains.kotlin:kotlin-stdlib:2.0.21 -> 2.2.21 (c)
|    +--- org.jetbrains.kotlin:kotlin-stdlib:1.8.22 -> 2.2.21 (*)
|    \--- androidx.activity:activity:1.8.0 (c)
+--- androidx.recyclerview:recyclerview:1.3.2 (*)
+--- androidx.security:security-crypto:1.1.0-alpha06
|    \--- androidx.annotation:annotation:1.1.0 -> 1.9.1 (*)
+--- com.google.ai.edge.litertlm:litertlm-android:0.9.0-alpha02
|    +--- com.google.code.gson:gson:2.13.2
|    |    \--- com.google.errorprone:error_prone_annotations:2.41.0
|    +--- org.jetbrains.kotlin:kotlin-reflect:2.2.21
|    |    \--- org.jetbrains.kotlin:kotlin-stdlib:2.2.21 (*)
|    \--- org.jetbrains.kotlinx:kotlinx-coroutines-android:1.9.0 -> 1.10.2 (*)
+--- com.google.ai.edge.litert:litert:2.1.0
|    +--- androidx.lifecycle:lifecycle-runtime:2.10.0 (*)
|    +--- com.google.guava:guava:33.5.0-android
|    |    +--- com.google.guava:failureaccess:1.0.3
|    |    +--- com.google.guava:listenablefuture:9999.0-empty-to-avoid-conflict-with-guava
|    |    +--- org.jspecify:jspecify:1.0.0
|    |    +--- com.google.errorprone:error_prone_annotations:2.41.0
|    |    \--- com.google.j2objc:j2objc-annotations:3.1
|    +--- org.jetbrains.kotlinx:kotlinx-coroutines-guava:1.10.2
|    |    +--- org.jetbrains.kotlinx:kotlinx-coroutines-core:1.10.2 (*)
|    |    +--- org.jetbrains.kotlinx:kotlinx-coroutines-bom:1.10.2 (*)
|    |    +--- com.google.guava:guava:31.0.1-jre -> 33.5.0-android (*)
|    |    \--- org.jetbrains.kotlin:kotlin-stdlib:2.1.0 -> 2.2.21 (*)
|    \--- com.google.android.play:ai-delivery:0.1.1-alpha01
|         +--- com.google.android.gms:play-services-basement:18.4.0
|         |    +--- androidx.collection:collection:1.0.0 -> 1.1.0 (*)
|         |    +--- androidx.core:core:1.2.0 -> 1.13.1 (*)
|         |    \--- androidx.fragment:fragment:1.1.0 -> 1.3.6 (*)
|         +--- com.google.android.gms:play-services-tasks:18.2.0
|         |    \--- com.google.android.gms:play-services-basement:18.4.0 (*)
|         +--- com.google.android.play:asset-delivery:2.3.0
|         |    +--- androidx.work:work-runtime:2.9.1
|         |    |    +--- androidx.annotation:annotation-experimental:1.0.0 -> 1.4.0 (*)
|         |    |    +--- androidx.lifecycle:lifecycle-livedata:2.5.1 -> 2.10.0 (*)
|         |    |    +--- androidx.startup:startup-runtime:1.1.1
|         |    |    +--- com.google.guava:listenablefuture:1.0 -> 9999.0-empty-to-avoid-conflict-with-guava
|         |    |    +--- org.jetbrains.kotlin:kotlin-stdlib:1.8.22 -> 2.2.21 (*)
|         |    |    \--- org.jetbrains.kotlinx:kotlinx-coroutines-android:1.7.1 -> 1.10.2 (*)
|         |    +--- com.google.android.gms:play-services-basement:18.4.0 (*)
|         |    +--- com.google.android.gms:play-services-tasks:18.2.0 (*)
|         |    \--- com.google.android.play:core-common:2.0.4
|         \--- com.google.android.play:core-common:2.0.4
+--- org.tensorflow:tensorflow-lite-select-tf-ops:2.16.1
+--- com.qualcomm.qti:qnn-litert-delegate:2.42.0
+--- org.jetbrains.kotlinx:kotlinx-coroutines-android:1.7.3 -> 1.10.2 (*)
+--- androidx.lifecycle:lifecycle-runtime-ktx:2.6.2 -> 2.10.0 (*)
+--- androidx.databinding:viewbinding:{strictly 8.13.1} -> 8.13.1 (c)
+--- org.jetbrains.kotlin:kotlin-stdlib:{strictly 2.2.21} -> 2.2.21 (c)
+--- androidx.core:core-ktx:{strictly 1.13.1} -> 1.13.1 (c)
+--- org.jetbrains.kotlinx:kotlinx-coroutines-android:{strictly 1.10.2} -> 1.10.2 (c)
+--- androidx.lifecycle:lifecycle-runtime-ktx:{strictly 2.10.0} -> 2.10.0 (c)
+--- androidx.appcompat:appcompat:{strictly 1.6.1} -> 1.6.1 (c)
+--- androidx.activity:activity-ktx:{strictly 1.8.0} -> 1.8.0 (c)
+--- com.google.android.material:material:{strictly 1.10.0} -> 1.10.0 (c)
+--- androidx.recyclerview:recyclerview:{strictly 1.3.2} -> 1.3.2 (c)
+--- androidx.security:security-crypto:{strictly 1.1.0-alpha06} -> 1.1.0-alpha06 (c)
+--- com.google.ai.edge.litertlm:litertlm-android:{strictly 0.9.0-alpha02} -> 0.9.0-alpha02 (c)
+--- com.google.ai.edge.litert:litert:{strictly 2.1.0} -> 2.1.0 (c)
+--- org.tensorflow:tensorflow-lite-select-tf-ops:{strictly 2.16.1} -> 2.16.1 (c)
+--- com.qualcomm.qti:qnn-litert-delegate:{strictly 2.42.0} -> 2.42.0 (c)
+--- androidx.annotation:annotation:{strictly 1.9.1} -> 1.9.1 (c)
+--- org.jetbrains:annotations:{strictly 23.0.0} -> 23.0.0 (c)
+--- androidx.core:core:{strictly 1.13.1} -> 1.13.1 (c)
+--- androidx.activity:activity:{strictly 1.8.0} -> 1.8.0 (c)
+--- androidx.appcompat:appcompat-resources:{strictly 1.6.1} -> 1.6.1 (c)
+--- androidx.cursoradapter:cursoradapter:{strictly 1.0.0} -> 1.0.0 (c)
+--- androidx.drawerlayout:drawerlayout:{strictly 1.1.1} -> 1.1.1 (c)
+--- androidx.fragment:fragment:{strictly 1.3.6} -> 1.3.6 (c)
+--- androidx.savedstate:savedstate:{strictly 1.4.0} -> 1.4.0 (c)
+--- androidx.cardview:cardview:{strictly 1.0.0} -> 1.0.0 (c)
+--- androidx.coordinatorlayout:coordinatorlayout:{strictly 1.1.0} -> 1.1.0 (c)
+--- androidx.constraintlayout:constraintlayout:{strictly 2.0.1} -> 2.0.1 (c)
+--- androidx.dynamicanimation:dynamicanimation:{strictly 1.0.0} -> 1.0.0 (c)
+--- androidx.annotation:annotation-experimental:{strictly 1.4.0} -> 1.4.0 (c)
+--- androidx.lifecycle:lifecycle-runtime:{strictly 2.10.0} -> 2.10.0 (c)
+--- androidx.resourceinspection:resourceinspection-annotation:{strictly 1.0.1} -> 1.0.1 (c)
+--- androidx.transition:transition:{strictly 1.2.0} -> 1.2.0 (c)
+--- androidx.vectordrawable:vectordrawable:{strictly 1.1.0} -> 1.1.0 (c)
+--- androidx.viewpager2:viewpager2:{strictly 1.1.0-beta02} -> 1.1.0-beta02 (c)
+--- androidx.lifecycle:lifecycle-viewmodel-ktx:{strictly 2.10.0} -> 2.10.0 (c)
+--- androidx.savedstate:savedstate-ktx:{strictly 1.4.0} -> 1.4.0 (c)
+--- androidx.customview:customview:{strictly 1.1.0} -> 1.1.0 (c)
+--- com.google.code.gson:gson:{strictly 2.13.2} -> 2.13.2 (c)
+--- org.jetbrains.kotlin:kotlin-reflect:{strictly 2.2.21} -> 2.2.21 (c)
+--- com.google.guava:guava:{strictly 33.5.0-android} -> 33.5.0-android (c)
+--- org.jetbrains.kotlinx:kotlinx-coroutines-guava:{strictly 1.10.2} -> 1.10.2 (c)
+--- com.google.android.play:ai-delivery:{strictly 0.1.1-alpha01} -> 0.1.1-alpha01 (c)
+--- org.jetbrains.kotlinx:kotlinx-coroutines-core:{strictly 1.10.2} -> 1.10.2 (c)
+--- org.jetbrains.kotlinx:kotlinx-coroutines-bom:{strictly 1.10.2} -> 1.10.2 (c)
+--- androidx.lifecycle:lifecycle-runtime-ktx-android:{strictly 2.10.0} -> 2.10.0 (c)
+--- androidx.annotation:annotation-jvm:{strictly 1.9.1} -> 1.9.1 (c)
+--- androidx.versionedparcelable:versionedparcelable:{strictly 1.1.1} -> 1.1.1 (c)
+--- androidx.lifecycle:lifecycle-viewmodel:{strictly 2.10.0} -> 2.10.0 (c)
+--- androidx.lifecycle:lifecycle-viewmodel-savedstate:{strictly 2.10.0} -> 2.10.0 (c)
+--- androidx.vectordrawable:vectordrawable-animated:{strictly 1.1.0} -> 1.1.0 (c)
+--- androidx.collection:collection:{strictly 1.1.0} -> 1.1.0 (c)
+--- androidx.viewpager:viewpager:{strictly 1.0.0} -> 1.0.0 (c)
+--- androidx.loader:loader:{strictly 1.0.0} -> 1.0.0 (c)
+--- androidx.lifecycle:lifecycle-livedata-core:{strictly 2.10.0} -> 2.10.0 (c)
+--- androidx.savedstate:savedstate-android:{strictly 1.4.0} -> 1.4.0 (c)
+--- androidx.constraintlayout:constraintlayout-solver:{strictly 2.0.1} -> 2.0.1 (c)
+--- androidx.legacy:legacy-support-core-utils:{strictly 1.0.0} -> 1.0.0 (c)
+--- androidx.lifecycle:lifecycle-runtime-android:{strictly 2.10.0} -> 2.10.0 (c)
+--- com.google.errorprone:error_prone_annotations:{strictly 2.41.0} -> 2.41.0 (c)
+--- com.google.guava:failureaccess:{strictly 1.0.3} -> 1.0.3 (c)
+--- com.google.guava:listenablefuture:{strictly 9999.0-empty-to-avoid-conflict-with-guava} -> 9999.0-empty-to-avoid-conflict-with-guava (c)
+--- org.jspecify:jspecify:{strictly 1.0.0} -> 1.0.0 (c)
+--- com.google.j2objc:j2objc-annotations:{strictly 3.1} -> 3.1 (c)
+--- com.google.android.gms:play-services-basement:{strictly 18.4.0} -> 18.4.0 (c)
+--- com.google.android.gms:play-services-tasks:{strictly 18.2.0} -> 18.2.0 (c)
+--- com.google.android.play:asset-delivery:{strictly 2.3.0} -> 2.3.0 (c)
+--- com.google.android.play:core-common:{strictly 2.0.4} -> 2.0.4 (c)
+--- org.jetbrains.kotlinx:kotlinx-coroutines-core-jvm:{strictly 1.10.2} -> 1.10.2 (c)
+--- androidx.lifecycle:lifecycle-viewmodel-android:{strictly 2.10.0} -> 2.10.0 (c)
+--- androidx.lifecycle:lifecycle-viewmodel-savedstate-android:{strictly 2.10.0} -> 2.10.0 (c)
+--- androidx.interpolator:interpolator:{strictly 1.0.0} -> 1.0.0 (c)
+--- androidx.lifecycle:lifecycle-livedata:{strictly 2.10.0} -> 2.10.0 (c)
+--- androidx.lifecycle:lifecycle-common:{strictly 2.10.0} -> 2.10.0 (c)
+--- org.jetbrains.kotlinx:kotlinx-serialization-core:{strictly 1.7.3} -> 1.7.3 (c)
+--- androidx.documentfile:documentfile:{strictly 1.0.0} -> 1.0.0 (c)
+--- androidx.localbroadcastmanager:localbroadcastmanager:{strictly 1.0.0} -> 1.0.0 (c)
+--- androidx.print:print:{strictly 1.0.0} -> 1.0.0 (c)
+--- androidx.arch.core:core-common:{strictly 2.2.0} -> 2.2.0 (c)
+--- androidx.work:work-runtime:{strictly 2.9.1} -> 2.9.1 (c)
+--- androidx.arch.core:core-runtime:{strictly 2.2.0} -> 2.2.0 (c)
+--- androidx.lifecycle:lifecycle-livedata-core-ktx:{strictly 2.10.0} -> 2.10.0 (c)
+--- androidx.lifecycle:lifecycle-common-jvm:{strictly 2.10.0} -> 2.10.0 (c)
+--- org.jetbrains.kotlinx:kotlinx-serialization-core-jvm:{strictly 1.7.3} -> 1.7.3 (c)
+--- androidx.startup:startup-runtime:{strictly 1.1.1} -> 1.1.1 (c)
\--- org.jetbrains.kotlinx:kotlinx-serialization-bom:{strictly 1.7.3} -> 1.7.3 (c)

(c) - A dependency constraint, not a dependency. The dependency affected by the constraint occurs elsewhere in the tree.
(*) - Indicates repeated occurrences of a transitive dependency subtree. Gradle expands transitive dependency subtrees only once per project; repeat occurrences only display the root of the subtree, followed by this annotation.

A web-based, searchable dependency report is available by adding the --scan option.

BUILD SUCCESSFUL in 1s
1 actionable task: 1 executed
